<?xml version="1.0" encoding="UTF-8"?>
<testng-results skipped="0" failed="0" ignored="0" total="1" passed="1">
  <reporter-output>
  </reporter-output>
  <suite name="Default suite" duration-ms="4082" started-at="2020-07-14T16:16:14Z" finished-at="2020-07-14T16:16:18Z">
    <groups>
    </groups>
    <test name="Default test" duration-ms="4082" started-at="2020-07-14T16:16:14Z" finished-at="2020-07-14T16:16:18Z">
      <class name="ObjecttoJSONDemo">
        <test-method status="PASS" signature="test2()[pri:0, instance:ObjecttoJSONDemo@27efef64]" name="test2" duration-ms="4044" started-at="2020-07-14T16:16:14Z" finished-at="2020-07-14T16:16:18Z">
          <reporter-output>
          </reporter-output>
        </test-method> <!-- test2 -->
      </class> <!-- ObjecttoJSONDemo -->
    </test> <!-- Default test -->
  </suite> <!-- Default suite -->
</testng-results>
